<?xml version="1.0" encoding="UTF-8"?>
<coverage generated="1663504284073" clover="3.2.0">
  <project timestamp="1663504284074" name="All files">
    <metrics statements="91" coveredstatements="90" conditionals="55" coveredconditionals="51" methods="22" coveredmethods="22" elements="168" coveredelements="163" complexity="0" loc="91" ncloc="91" packages="2" files="7" classes="7"/>
    <package name="src">
      <metrics statements="30" coveredstatements="29" conditionals="22" coveredconditionals="18" methods="8" coveredmethods="8"/>
      <file name="builderASTtree.js" path="/mnt/c/Users/dak98/hexlet-projects/frontend-project-2/src/builderASTtree.js">
        <metrics statements="18" coveredstatements="17" conditionals="17" coveredconditionals="13" methods="3" coveredmethods="3"/>
        <line num="3" count="216" type="cond" truecount="0" falsecount="3"/>
        <line num="11" count="1" type="stmt"/>
        <line num="12" count="60" type="stmt"/>
        <line num="13" count="60" type="stmt"/>
        <line num="14" count="216" type="stmt"/>
        <line num="15" count="216" type="stmt"/>
        <line num="17" count="216" type="cond" truecount="4" falsecount="0"/>
        <line num="18" count="132" type="cond" truecount="4" falsecount="0"/>
        <line num="19" count="48" type="stmt"/>
        <line num="22" count="84" type="cond" truecount="2" falsecount="0"/>
        <line num="23" count="36" type="stmt"/>
        <line num="26" count="48" type="stmt"/>
        <line num="29" count="84" type="cond" truecount="2" falsecount="0"/>
        <line num="30" count="24" type="stmt"/>
        <line num="33" count="60" type="cond" truecount="1" falsecount="1"/>
        <line num="34" count="60" type="stmt"/>
        <line num="37" count="0" type="stmt"/>
        <line num="40" count="60" type="stmt"/>
      </file>
      <file name="index.js" path="/mnt/c/Users/dak98/hexlet-projects/frontend-project-2/src/index.js">
        <metrics statements="9" coveredstatements="9" conditionals="1" coveredconditionals="1" methods="4" coveredmethods="4"/>
        <line num="7" count="24" type="stmt"/>
        <line num="8" count="24" type="stmt"/>
        <line num="9" count="24" type="stmt"/>
        <line num="12" count="12" type="stmt"/>
        <line num="13" count="12" type="stmt"/>
        <line num="15" count="12" type="stmt"/>
        <line num="16" count="12" type="stmt"/>
        <line num="18" count="12" type="stmt"/>
        <line num="19" count="12" type="stmt"/>
      </file>
      <file name="parsers.js" path="/mnt/c/Users/dak98/hexlet-projects/frontend-project-2/src/parsers.js">
        <metrics statements="3" coveredstatements="3" conditionals="4" coveredconditionals="4" methods="1" coveredmethods="1"/>
        <line num="4" count="24" type="cond" truecount="4" falsecount="0"/>
        <line num="7" count="12" type="stmt"/>
        <line num="10" count="12" type="stmt"/>
      </file>
    </package>
    <package name="src.formatters">
      <metrics statements="61" coveredstatements="61" conditionals="33" coveredconditionals="33" methods="14" coveredmethods="14"/>
      <file name="index.js" path="/mnt/c/Users/dak98/hexlet-projects/frontend-project-2/src/formatters/index.js">
        <metrics statements="4" coveredstatements="4" conditionals="3" coveredconditionals="3" methods="1" coveredmethods="1"/>
        <line num="6" count="12" type="cond" truecount="3" falsecount="0"/>
        <line num="8" count="4" type="stmt"/>
        <line num="10" count="4" type="stmt"/>
        <line num="12" count="4" type="stmt"/>
      </file>
      <file name="json.js" path="/mnt/c/Users/dak98/hexlet-projects/frontend-project-2/src/formatters/json.js">
        <metrics statements="1" coveredstatements="1" conditionals="0" coveredconditionals="0" methods="1" coveredmethods="1"/>
        <line num="1" count="4" type="stmt"/>
      </file>
      <file name="plain.js" path="/mnt/c/Users/dak98/hexlet-projects/frontend-project-2/src/formatters/plain.js">
        <metrics statements="26" coveredstatements="26" conditionals="16" coveredconditionals="16" methods="6" coveredmethods="6"/>
        <line num="3" count="1" type="stmt"/>
        <line num="4" count="44" type="stmt"/>
        <line num="5" count="88" type="cond" truecount="2" falsecount="0"/>
        <line num="6" count="72" type="cond" truecount="2" falsecount="0"/>
        <line num="8" count="16" type="stmt"/>
        <line num="11" count="44" type="stmt"/>
        <line num="12" count="44" type="stmt"/>
        <line num="14" count="44" type="cond" truecount="4" falsecount="0"/>
        <line num="16" count="16" type="stmt"/>
        <line num="18" count="20" type="stmt"/>
        <line num="21" count="8" type="stmt"/>
        <line num="25" count="1" type="stmt"/>
        <line num="26" count="4" type="stmt"/>
        <line num="27" count="20" type="stmt"/>
        <line num="29" count="72" type="stmt"/>
        <line num="30" count="72" type="cond" truecount="4" falsecount="0"/>
        <line num="31" count="12" type="stmt"/>
        <line num="34" count="60" type="stmt"/>
        <line num="39" count="60" type="stmt"/>
        <line num="41" count="60" type="cond" truecount="2" falsecount="0"/>
        <line num="43" count="60" type="cond" truecount="2" falsecount="0"/>
        <line num="44" count="16" type="stmt"/>
        <line num="47" count="44" type="stmt"/>
        <line num="48" count="44" type="stmt"/>
        <line num="52" count="20" type="stmt"/>
        <line num="55" count="4" type="stmt"/>
      </file>
      <file name="stylish.js" path="/mnt/c/Users/dak98/hexlet-projects/frontend-project-2/src/formatters/stylish.js">
        <metrics statements="30" coveredstatements="30" conditionals="14" coveredconditionals="14" methods="6" coveredmethods="6"/>
        <line num="3" count="1" type="cond" truecount="2" falsecount="0"/>
        <line num="4" count="144" type="stmt"/>
        <line num="5" count="180" type="cond" truecount="2" falsecount="0"/>
        <line num="7" count="28" type="stmt"/>
        <line num="8" count="28" type="stmt"/>
        <line num="9" count="28" type="stmt"/>
        <line num="11" count="28" type="stmt"/>
        <line num="13" count="36" type="stmt"/>
        <line num="15" count="28" type="stmt"/>
        <line num="22" count="144" type="stmt"/>
        <line num="25" count="1" type="cond" truecount="2" falsecount="0"/>
        <line num="26" count="4" type="stmt"/>
        <line num="27" count="20" type="stmt"/>
        <line num="28" count="20" type="stmt"/>
        <line num="29" count="20" type="stmt"/>
        <line num="31" count="20" type="stmt"/>
        <line num="34" count="72" type="stmt"/>
        <line num="36" count="72" type="stmt"/>
        <line num="37" count="72" type="stmt"/>
        <line num="39" count="72" type="cond" truecount="2" falsecount="0"/>
        <line num="40" count="16" type="stmt"/>
        <line num="43" count="56" type="cond" truecount="2" falsecount="0"/>
        <line num="44" count="16" type="stmt"/>
        <line num="49" count="40" type="cond" truecount="2" falsecount="0"/>
        <line num="50" count="20" type="stmt"/>
        <line num="52" count="20" type="cond" truecount="2" falsecount="0"/>
        <line num="53" count="8" type="stmt"/>
        <line num="57" count="12" type="stmt"/>
        <line num="60" count="20" type="stmt"/>
        <line num="67" count="4" type="stmt"/>
      </file>
    </package>
  </project>
</coverage>
