{"/mnt/c/Users/dak98/hexlet-projects/frontend-project-2/src/builderASTtree.js": {"path":"/mnt/c/Users/dak98/hexlet-projects/frontend-project-2/src/builderASTtree.js","statementMap":{"0":{"start":{"line":3,"column":17},"end":{"line":9,"column":2}},"1":{"start":{"line":3,"column":83},"end":{"line":9,"column":1}},"2":{"start":{"line":11,"column":21},"end":{"line":41,"column":1}},"3":{"start":{"line":12,"column":21},"end":{"line":12,"column":76}},"4":{"start":{"line":13,"column":21},"end":{"line":38,"column":4}},"5":{"start":{"line":14,"column":19},"end":{"line":14,"column":28}},"6":{"start":{"line":15,"column":19},"end":{"line":15,"column":28}},"7":{"start":{"line":17,"column":4},"end":{"line":27,"column":5}},"8":{"start":{"line":18,"column":6},"end":{"line":20,"column":7}},"9":{"start":{"line":19,"column":8},"end":{"line":19,"column":80}},"10":{"start":{"line":22,"column":6},"end":{"line":24,"column":7}},"11":{"start":{"line":23,"column":8},"end":{"line":23,"column":62}},"12":{"start":{"line":26,"column":6},"end":{"line":26,"column":58}},"13":{"start":{"line":29,"column":4},"end":{"line":31,"column":5}},"14":{"start":{"line":30,"column":6},"end":{"line":30,"column":54}},"15":{"start":{"line":33,"column":4},"end":{"line":35,"column":5}},"16":{"start":{"line":34,"column":6},"end":{"line":34,"column":52}},"17":{"start":{"line":37,"column":4},"end":{"line":37,"column":105}},"18":{"start":{"line":40,"column":2},"end":{"line":40,"column":20}}},"fnMap":{"0":{"name":"(anonymous_0)","decl":{"start":{"line":3,"column":17},"end":{"line":3,"column":18}},"loc":{"start":{"line":3,"column":83},"end":{"line":9,"column":1}},"line":3},"1":{"name":"(anonymous_1)","decl":{"start":{"line":11,"column":21},"end":{"line":11,"column":22}},"loc":{"start":{"line":11,"column":37},"end":{"line":41,"column":1}},"line":11},"2":{"name":"(anonymous_2)","decl":{"start":{"line":13,"column":36},"end":{"line":13,"column":37}},"loc":{"start":{"line":13,"column":45},"end":{"line":38,"column":3}},"line":13}},"branchMap":{"0":{"loc":{"start":{"line":3,"column":32},"end":{"line":3,"column":45}},"type":"default-arg","locations":[{"start":{"line":3,"column":43},"end":{"line":3,"column":45}}],"line":3},"1":{"loc":{"start":{"line":3,"column":47},"end":{"line":3,"column":60}},"type":"default-arg","locations":[{"start":{"line":3,"column":58},"end":{"line":3,"column":60}}],"line":3},"2":{"loc":{"start":{"line":3,"column":62},"end":{"line":3,"column":77}},"type":"default-arg","locations":[{"start":{"line":3,"column":75},"end":{"line":3,"column":77}}],"line":3},"3":{"loc":{"start":{"line":17,"column":4},"end":{"line":27,"column":5}},"type":"if","locations":[{"start":{"line":17,"column":4},"end":{"line":27,"column":5}},{"start":{},"end":{}}],"line":17},"4":{"loc":{"start":{"line":17,"column":8},"end":{"line":17,"column":34}},"type":"binary-expr","locations":[{"start":{"line":17,"column":8},"end":{"line":17,"column":19}},{"start":{"line":17,"column":23},"end":{"line":17,"column":34}}],"line":17},"5":{"loc":{"start":{"line":18,"column":6},"end":{"line":20,"column":7}},"type":"if","locations":[{"start":{"line":18,"column":6},"end":{"line":20,"column":7}},{"start":{},"end":{}}],"line":18},"6":{"loc":{"start":{"line":18,"column":10},"end":{"line":18,"column":50}},"type":"binary-expr","locations":[{"start":{"line":18,"column":10},"end":{"line":18,"column":28}},{"start":{"line":18,"column":32},"end":{"line":18,"column":50}}],"line":18},"7":{"loc":{"start":{"line":22,"column":6},"end":{"line":24,"column":7}},"type":"if","locations":[{"start":{"line":22,"column":6},"end":{"line":24,"column":7}},{"start":{},"end":{}}],"line":22},"8":{"loc":{"start":{"line":29,"column":4},"end":{"line":31,"column":5}},"type":"if","locations":[{"start":{"line":29,"column":4},"end":{"line":31,"column":5}},{"start":{},"end":{}}],"line":29},"9":{"loc":{"start":{"line":33,"column":4},"end":{"line":35,"column":5}},"type":"if","locations":[{"start":{"line":33,"column":4},"end":{"line":35,"column":5}},{"start":{},"end":{}}],"line":33}},"s":{"0":1,"1":216,"2":1,"3":60,"4":60,"5":216,"6":216,"7":216,"8":132,"9":48,"10":84,"11":36,"12":48,"13":84,"14":24,"15":60,"16":60,"17":0,"18":60},"f":{"0":216,"1":60,"2":216},"b":{"0":[0],"1":[0],"2":[0],"3":[132,84],"4":[216,156],"5":[48,84],"6":[132,60],"7":[36,48],"8":[24,60],"9":[60,0]},"_coverageSchema":"1a1c01bbd47fc00a2c39e90264f33305004495a9","hash":"236c6381485a84bf0d2346757b7019e7c9f94d3a"}
,"/mnt/c/Users/dak98/hexlet-projects/frontend-project-2/src/index.js": {"path":"/mnt/c/Users/dak98/hexlet-projects/frontend-project-2/src/index.js","statementMap":{"0":{"start":{"line":7,"column":21},"end":{"line":7,"column":57}},"1":{"start":{"line":7,"column":35},"end":{"line":7,"column":57}},"2":{"start":{"line":8,"column":24},"end":{"line":8,"column":60}},"3":{"start":{"line":8,"column":38},"end":{"line":8,"column":60}},"4":{"start":{"line":9,"column":21},"end":{"line":9,"column":69}},"5":{"start":{"line":9,"column":35},"end":{"line":9,"column":69}},"6":{"start":{"line":12,"column":15},"end":{"line":12,"column":35}},"7":{"start":{"line":13,"column":15},"end":{"line":13,"column":35}},"8":{"start":{"line":15,"column":22},"end":{"line":15,"column":72}},"9":{"start":{"line":16,"column":22},"end":{"line":16,"column":72}},"10":{"start":{"line":18,"column":18},"end":{"line":18,"column":56}},"11":{"start":{"line":19,"column":2},"end":{"line":19,"column":43}}},"fnMap":{"0":{"name":"(anonymous_0)","decl":{"start":{"line":7,"column":21},"end":{"line":7,"column":22}},"loc":{"start":{"line":7,"column":35},"end":{"line":7,"column":57}},"line":7},"1":{"name":"(anonymous_1)","decl":{"start":{"line":8,"column":24},"end":{"line":8,"column":25}},"loc":{"start":{"line":8,"column":38},"end":{"line":8,"column":60}},"line":8},"2":{"name":"(anonymous_2)","decl":{"start":{"line":9,"column":21},"end":{"line":9,"column":22}},"loc":{"start":{"line":9,"column":35},"end":{"line":9,"column":69}},"line":9},"3":{"name":"(anonymous_3)","decl":{"start":{"line":11,"column":15},"end":{"line":11,"column":16}},"loc":{"start":{"line":11,"column":59},"end":{"line":20,"column":1}},"line":11}},"branchMap":{"0":{"loc":{"start":{"line":11,"column":32},"end":{"line":11,"column":54}},"type":"default-arg","locations":[{"start":{"line":11,"column":45},"end":{"line":11,"column":54}}],"line":11}},"s":{"0":1,"1":24,"2":1,"3":24,"4":1,"5":24,"6":12,"7":12,"8":12,"9":12,"10":12,"11":12},"f":{"0":24,"1":24,"2":24,"3":12},"b":{"0":[4]},"_coverageSchema":"1a1c01bbd47fc00a2c39e90264f33305004495a9","hash":"a84cfeb19e04ae1d08aa3732faf448e903ffb7f7"}
,"/mnt/c/Users/dak98/hexlet-projects/frontend-project-2/src/parsers.js": {"path":"/mnt/c/Users/dak98/hexlet-projects/frontend-project-2/src/parsers.js","statementMap":{"0":{"start":{"line":4,"column":2},"end":{"line":11,"column":3}},"1":{"start":{"line":7,"column":6},"end":{"line":7,"column":29}},"2":{"start":{"line":10,"column":6},"end":{"line":10,"column":30}}},"fnMap":{"0":{"name":"(anonymous_0)","decl":{"start":{"line":3,"column":15},"end":{"line":3,"column":16}},"loc":{"start":{"line":3,"column":36},"end":{"line":12,"column":1}},"line":3}},"branchMap":{"0":{"loc":{"start":{"line":4,"column":2},"end":{"line":11,"column":3}},"type":"switch","locations":[{"start":{"line":5,"column":4},"end":{"line":5,"column":16}},{"start":{"line":6,"column":4},"end":{"line":7,"column":29}},{"start":{"line":8,"column":4},"end":{"line":8,"column":17}},{"start":{"line":9,"column":4},"end":{"line":10,"column":30}}],"line":4}},"s":{"0":24,"1":12,"2":12},"f":{"0":24},"b":{"0":[6,12,12,12]},"_coverageSchema":"1a1c01bbd47fc00a2c39e90264f33305004495a9","hash":"1841aabbcbc27f25bf4d5d071beab88d999ad403"}
,"/mnt/c/Users/dak98/hexlet-projects/frontend-project-2/src/formatters/index.js": {"path":"/mnt/c/Users/dak98/hexlet-projects/frontend-project-2/src/formatters/index.js","statementMap":{"0":{"start":{"line":6,"column":2},"end":{"line":13,"column":3}},"1":{"start":{"line":8,"column":6},"end":{"line":8,"column":31}},"2":{"start":{"line":10,"column":6},"end":{"line":10,"column":29}},"3":{"start":{"line":12,"column":6},"end":{"line":12,"column":28}}},"fnMap":{"0":{"name":"(anonymous_0)","decl":{"start":{"line":5,"column":15},"end":{"line":5,"column":16}},"loc":{"start":{"line":5,"column":33},"end":{"line":14,"column":1}},"line":5}},"branchMap":{"0":{"loc":{"start":{"line":6,"column":2},"end":{"line":13,"column":3}},"type":"switch","locations":[{"start":{"line":7,"column":4},"end":{"line":8,"column":31}},{"start":{"line":9,"column":4},"end":{"line":10,"column":29}},{"start":{"line":11,"column":4},"end":{"line":12,"column":28}}],"line":6}},"s":{"0":12,"1":4,"2":4,"3":4},"f":{"0":12},"b":{"0":[4,4,4]},"_coverageSchema":"1a1c01bbd47fc00a2c39e90264f33305004495a9","hash":"3af858123ae1d3aae62222720fd4a7c651545258"}
,"/mnt/c/Users/dak98/hexlet-projects/frontend-project-2/src/formatters/json.js": {"path":"/mnt/c/Users/dak98/hexlet-projects/frontend-project-2/src/formatters/json.js","statementMap":{"0":{"start":{"line":1,"column":25},"end":{"line":1,"column":45}}},"fnMap":{"0":{"name":"(anonymous_0)","decl":{"start":{"line":1,"column":15},"end":{"line":1,"column":16}},"loc":{"start":{"line":1,"column":25},"end":{"line":1,"column":45}},"line":1}},"branchMap":{},"s":{"0":4},"f":{"0":4},"b":{},"_coverageSchema":"1a1c01bbd47fc00a2c39e90264f33305004495a9","hash":"2d69f500b6ace68a4a16e945be7ac0c6a8accc4f"}
,"/mnt/c/Users/dak98/hexlet-projects/frontend-project-2/src/formatters/plain.js": {"path":"/mnt/c/Users/dak98/hexlet-projects/frontend-project-2/src/formatters/plain.js","statementMap":{"0":{"start":{"line":3,"column":20},"end":{"line":23,"column":1}},"1":{"start":{"line":4,"column":23},"end":{"line":9,"column":3}},"2":{"start":{"line":5,"column":4},"end":{"line":5,"column":52}},"3":{"start":{"line":5,"column":27},"end":{"line":5,"column":52}},"4":{"start":{"line":6,"column":4},"end":{"line":6,"column":55}},"5":{"start":{"line":6,"column":35},"end":{"line":6,"column":55}},"6":{"start":{"line":8,"column":4},"end":{"line":8,"column":17}},"7":{"start":{"line":11,"column":32},"end":{"line":11,"column":59}},"8":{"start":{"line":12,"column":27},"end":{"line":12,"column":49}},"9":{"start":{"line":14,"column":2},"end":{"line":22,"column":3}},"10":{"start":{"line":16,"column":6},"end":{"line":16,"column":79}},"11":{"start":{"line":18,"column":6},"end":{"line":18,"column":57}},"12":{"start":{"line":21,"column":6},"end":{"line":21,"column":25}},"13":{"start":{"line":25,"column":14},"end":{"line":56,"column":1}},"14":{"start":{"line":26,"column":15},"end":{"line":53,"column":3}},"15":{"start":{"line":27,"column":18},"end":{"line":50,"column":17}},"16":{"start":{"line":29,"column":37},"end":{"line":29,"column":41}},"17":{"start":{"line":30,"column":8},"end":{"line":32,"column":9}},"18":{"start":{"line":31,"column":10},"end":{"line":31,"column":23}},"19":{"start":{"line":34,"column":8},"end":{"line":34,"column":20}},"20":{"start":{"line":39,"column":12},"end":{"line":39,"column":16}},"21":{"start":{"line":41,"column":22},"end":{"line":41,"column":83}},"22":{"start":{"line":43,"column":8},"end":{"line":45,"column":9}},"23":{"start":{"line":44,"column":10},"end":{"line":44,"column":39}},"24":{"start":{"line":47,"column":29},"end":{"line":47,"column":70}},"25":{"start":{"line":48,"column":8},"end":{"line":48,"column":57}},"26":{"start":{"line":52,"column":4},"end":{"line":52,"column":17}},"27":{"start":{"line":55,"column":2},"end":{"line":55,"column":24}}},"fnMap":{"0":{"name":"(anonymous_0)","decl":{"start":{"line":3,"column":20},"end":{"line":3,"column":21}},"loc":{"start":{"line":3,"column":57},"end":{"line":23,"column":1}},"line":3},"1":{"name":"(anonymous_1)","decl":{"start":{"line":4,"column":23},"end":{"line":4,"column":24}},"loc":{"start":{"line":4,"column":34},"end":{"line":9,"column":3}},"line":4},"2":{"name":"(anonymous_2)","decl":{"start":{"line":25,"column":14},"end":{"line":25,"column":15}},"loc":{"start":{"line":25,"column":24},"end":{"line":56,"column":1}},"line":25},"3":{"name":"(anonymous_3)","decl":{"start":{"line":26,"column":15},"end":{"line":26,"column":16}},"loc":{"start":{"line":26,"column":46},"end":{"line":53,"column":3}},"line":26},"4":{"name":"(anonymous_4)","decl":{"start":{"line":28,"column":14},"end":{"line":28,"column":15}},"loc":{"start":{"line":28,"column":24},"end":{"line":35,"column":7}},"line":28},"5":{"name":"(anonymous_5)","decl":{"start":{"line":36,"column":15},"end":{"line":36,"column":16}},"loc":{"start":{"line":36,"column":25},"end":{"line":49,"column":7}},"line":36}},"branchMap":{"0":{"loc":{"start":{"line":5,"column":4},"end":{"line":5,"column":52}},"type":"if","locations":[{"start":{"line":5,"column":4},"end":{"line":5,"column":52}},{"start":{},"end":{}}],"line":5},"1":{"loc":{"start":{"line":6,"column":4},"end":{"line":6,"column":55}},"type":"if","locations":[{"start":{"line":6,"column":4},"end":{"line":6,"column":55}},{"start":{},"end":{}}],"line":6},"2":{"loc":{"start":{"line":14,"column":2},"end":{"line":22,"column":3}},"type":"switch","locations":[{"start":{"line":15,"column":4},"end":{"line":16,"column":79}},{"start":{"line":17,"column":4},"end":{"line":18,"column":57}},{"start":{"line":19,"column":4},"end":{"line":19,"column":19}},{"start":{"line":20,"column":4},"end":{"line":21,"column":25}}],"line":14},"3":{"loc":{"start":{"line":30,"column":8},"end":{"line":32,"column":9}},"type":"if","locations":[{"start":{"line":30,"column":8},"end":{"line":32,"column":9}},{"start":{},"end":{}}],"line":30},"4":{"loc":{"start":{"line":30,"column":12},"end":{"line":30,"column":57}},"type":"binary-expr","locations":[{"start":{"line":30,"column":12},"end":{"line":30,"column":34}},{"start":{"line":30,"column":38},"end":{"line":30,"column":57}}],"line":30},"5":{"loc":{"start":{"line":41,"column":22},"end":{"line":41,"column":83}},"type":"cond-expr","locations":[{"start":{"line":41,"column":46},"end":{"line":41,"column":50}},{"start":{"line":41,"column":53},"end":{"line":41,"column":83}}],"line":41},"6":{"loc":{"start":{"line":43,"column":8},"end":{"line":45,"column":9}},"type":"if","locations":[{"start":{"line":43,"column":8},"end":{"line":45,"column":9}},{"start":{},"end":{}}],"line":43}},"s":{"0":1,"1":44,"2":88,"3":16,"4":72,"5":56,"6":16,"7":44,"8":44,"9":44,"10":16,"11":20,"12":8,"13":1,"14":4,"15":20,"16":72,"17":72,"18":12,"19":60,"20":60,"21":60,"22":60,"23":16,"24":44,"25":44,"26":20,"27":4},"f":{"0":44,"1":88,"2":4,"3":20,"4":72,"5":60},"b":{"0":[16,72],"1":[56,16],"2":[16,20,8,8],"3":[12,60],"4":[72,28],"5":[16,44],"6":[16,44]},"_coverageSchema":"1a1c01bbd47fc00a2c39e90264f33305004495a9","hash":"b04431138a88987d54fbc9ab0a60aa54923ee06e"}
,"/mnt/c/Users/dak98/hexlet-projects/frontend-project-2/src/formatters/stylish.js": {"path":"/mnt/c/Users/dak98/hexlet-projects/frontend-project-2/src/formatters/stylish.js","statementMap":{"0":{"start":{"line":3,"column":18},"end":{"line":23,"column":1}},"1":{"start":{"line":4,"column":15},"end":{"line":20,"column":3}},"2":{"start":{"line":5,"column":4},"end":{"line":5,"column":60}},"3":{"start":{"line":5,"column":35},"end":{"line":5,"column":60}},"4":{"start":{"line":7,"column":23},"end":{"line":7,"column":42}},"5":{"start":{"line":8,"column":19},"end":{"line":8,"column":46}},"6":{"start":{"line":9,"column":26},"end":{"line":9,"column":67}},"7":{"start":{"line":11,"column":18},"end":{"line":13,"column":72}},"8":{"start":{"line":13,"column":27},"end":{"line":13,"column":71}},"9":{"start":{"line":15,"column":4},"end":{"line":19,"column":17}},"10":{"start":{"line":22,"column":2},"end":{"line":22,"column":49}},"11":{"start":{"line":25,"column":23},"end":{"line":68,"column":1}},"12":{"start":{"line":26,"column":15},"end":{"line":65,"column":3}},"13":{"start":{"line":27,"column":23},"end":{"line":27,"column":42}},"14":{"start":{"line":28,"column":25},"end":{"line":28,"column":52}},"15":{"start":{"line":29,"column":26},"end":{"line":29,"column":67}},"16":{"start":{"line":31,"column":18},"end":{"line":58,"column":6}},"17":{"start":{"line":34,"column":10},"end":{"line":34,"column":14}},"18":{"start":{"line":36,"column":31},"end":{"line":36,"column":57}},"19":{"start":{"line":37,"column":33},"end":{"line":37,"column":61}},"20":{"start":{"line":39,"column":6},"end":{"line":41,"column":7}},"21":{"start":{"line":40,"column":8},"end":{"line":40,"column":72}},"22":{"start":{"line":43,"column":6},"end":{"line":47,"column":7}},"23":{"start":{"line":44,"column":8},"end":{"line":46,"column":60}},"24":{"start":{"line":49,"column":6},"end":{"line":51,"column":7}},"25":{"start":{"line":50,"column":8},"end":{"line":50,"column":65}},"26":{"start":{"line":52,"column":6},"end":{"line":54,"column":7}},"27":{"start":{"line":53,"column":8},"end":{"line":53,"column":63}},"28":{"start":{"line":57,"column":6},"end":{"line":57,"column":61}},"29":{"start":{"line":60,"column":4},"end":{"line":64,"column":17}},"30":{"start":{"line":67,"column":2},"end":{"line":67,"column":23}}},"fnMap":{"0":{"name":"(anonymous_0)","decl":{"start":{"line":3,"column":18},"end":{"line":3,"column":19}},"loc":{"start":{"line":3,"column":76},"end":{"line":23,"column":1}},"line":3},"1":{"name":"(anonymous_1)","decl":{"start":{"line":4,"column":15},"end":{"line":4,"column":16}},"loc":{"start":{"line":4,"column":40},"end":{"line":20,"column":3}},"line":4},"2":{"name":"(anonymous_2)","decl":{"start":{"line":13,"column":11},"end":{"line":13,"column":12}},"loc":{"start":{"line":13,"column":27},"end":{"line":13,"column":71}},"line":13},"3":{"name":"(anonymous_3)","decl":{"start":{"line":25,"column":23},"end":{"line":25,"column":24}},"loc":{"start":{"line":25,"column":66},"end":{"line":68,"column":1}},"line":25},"4":{"name":"(anonymous_4)","decl":{"start":{"line":26,"column":15},"end":{"line":26,"column":16}},"loc":{"start":{"line":26,"column":39},"end":{"line":65,"column":3}},"line":26},"5":{"name":"(anonymous_5)","decl":{"start":{"line":31,"column":34},"end":{"line":31,"column":35}},"loc":{"start":{"line":31,"column":44},"end":{"line":58,"column":5}},"line":31}},"branchMap":{"0":{"loc":{"start":{"line":3,"column":40},"end":{"line":3,"column":54}},"type":"default-arg","locations":[{"start":{"line":3,"column":51},"end":{"line":3,"column":54}}],"line":3},"1":{"loc":{"start":{"line":3,"column":56},"end":{"line":3,"column":71}},"type":"default-arg","locations":[{"start":{"line":3,"column":70},"end":{"line":3,"column":71}}],"line":3},"2":{"loc":{"start":{"line":5,"column":4},"end":{"line":5,"column":60}},"type":"if","locations":[{"start":{"line":5,"column":4},"end":{"line":5,"column":60}},{"start":{},"end":{}}],"line":5},"3":{"loc":{"start":{"line":25,"column":30},"end":{"line":25,"column":44}},"type":"default-arg","locations":[{"start":{"line":25,"column":41},"end":{"line":25,"column":44}}],"line":25},"4":{"loc":{"start":{"line":25,"column":46},"end":{"line":25,"column":61}},"type":"default-arg","locations":[{"start":{"line":25,"column":60},"end":{"line":25,"column":61}}],"line":25},"5":{"loc":{"start":{"line":39,"column":6},"end":{"line":41,"column":7}},"type":"if","locations":[{"start":{"line":39,"column":6},"end":{"line":41,"column":7}},{"start":{},"end":{}}],"line":39},"6":{"loc":{"start":{"line":43,"column":6},"end":{"line":47,"column":7}},"type":"if","locations":[{"start":{"line":43,"column":6},"end":{"line":47,"column":7}},{"start":{},"end":{}}],"line":43},"7":{"loc":{"start":{"line":49,"column":6},"end":{"line":51,"column":7}},"type":"if","locations":[{"start":{"line":49,"column":6},"end":{"line":51,"column":7}},{"start":{},"end":{}}],"line":49},"8":{"loc":{"start":{"line":52,"column":6},"end":{"line":54,"column":7}},"type":"if","locations":[{"start":{"line":52,"column":6},"end":{"line":54,"column":7}},{"start":{},"end":{}}],"line":52}},"s":{"0":1,"1":144,"2":180,"3":152,"4":28,"5":28,"6":28,"7":28,"8":36,"9":28,"10":144,"11":1,"12":4,"13":20,"14":20,"15":20,"16":20,"17":72,"18":72,"19":72,"20":72,"21":16,"22":56,"23":16,"24":40,"25":20,"26":20,"27":8,"28":12,"29":20,"30":4},"f":{"0":144,"1":180,"2":36,"3":4,"4":20,"5":72},"b":{"0":[144],"1":[144],"2":[152,28],"3":[4],"4":[4],"5":[16,56],"6":[16,40],"7":[20,20],"8":[8,12]},"_coverageSchema":"1a1c01bbd47fc00a2c39e90264f33305004495a9","hash":"6d4bdc2a39d6a77a62b41b90479d61ee0d3c2e4a"}
}
