TN:
SF:src/builderASTtree.js
FN:3,(anonymous_0)
FN:11,(anonymous_1)
FN:13,(anonymous_2)
FNF:3
FNH:3
FNDA:216,(anonymous_0)
FNDA:60,(anonymous_1)
FNDA:216,(anonymous_2)
DA:3,216
DA:11,1
DA:12,60
DA:13,60
DA:14,216
DA:15,216
DA:17,216
DA:18,132
DA:19,48
DA:22,84
DA:23,36
DA:26,48
DA:29,84
DA:30,24
DA:33,60
DA:34,60
DA:37,0
DA:40,60
LF:18
LH:17
BRDA:3,0,0,0
BRDA:3,1,0,0
BRDA:3,2,0,0
BRDA:17,3,0,132
BRDA:17,3,1,84
BRDA:17,4,0,216
BRDA:17,4,1,156
BRDA:18,5,0,48
BRDA:18,5,1,84
BRDA:18,6,0,132
BRDA:18,6,1,60
BRDA:22,7,0,36
BRDA:22,7,1,48
BRDA:29,8,0,24
BRDA:29,8,1,60
BRDA:33,9,0,60
BRDA:33,9,1,0
BRF:17
BRH:13
end_of_record
TN:
SF:src/index.js
FN:7,(anonymous_0)
FN:8,(anonymous_1)
FN:9,(anonymous_2)
FN:11,(anonymous_3)
FNF:4
FNH:4
FNDA:24,(anonymous_0)
FNDA:24,(anonymous_1)
FNDA:24,(anonymous_2)
FNDA:12,(anonymous_3)
DA:7,24
DA:8,24
DA:9,24
DA:12,12
DA:13,12
DA:15,12
DA:16,12
DA:18,12
DA:19,12
LF:9
LH:9
BRDA:11,0,0,4
BRF:1
BRH:1
end_of_record
TN:
SF:src/parsers.js
FN:3,(anonymous_0)
FNF:1
FNH:1
FNDA:24,(anonymous_0)
DA:4,24
DA:7,12
DA:10,12
LF:3
LH:3
BRDA:4,0,0,6
BRDA:4,0,1,12
BRDA:4,0,2,12
BRDA:4,0,3,12
BRF:4
BRH:4
end_of_record
TN:
SF:src/formatters/index.js
FN:5,(anonymous_0)
FNF:1
FNH:1
FNDA:12,(anonymous_0)
DA:6,12
DA:8,4
DA:10,4
DA:12,4
LF:4
LH:4
BRDA:6,0,0,4
BRDA:6,0,1,4
BRDA:6,0,2,4
BRF:3
BRH:3
end_of_record
TN:
SF:src/formatters/json.js
FN:1,(anonymous_0)
FNF:1
FNH:1
FNDA:4,(anonymous_0)
DA:1,4
LF:1
LH:1
BRF:0
BRH:0
end_of_record
TN:
SF:src/formatters/plain.js
FN:3,(anonymous_0)
FN:4,(anonymous_1)
FN:25,(anonymous_2)
FN:26,(anonymous_3)
FN:28,(anonymous_4)
FN:36,(anonymous_5)
FNF:6
FNH:6
FNDA:44,(anonymous_0)
FNDA:88,(anonymous_1)
FNDA:4,(anonymous_2)
FNDA:20,(anonymous_3)
FNDA:72,(anonymous_4)
FNDA:60,(anonymous_5)
DA:3,1
DA:4,44
DA:5,88
DA:6,72
DA:8,16
DA:11,44
DA:12,44
DA:14,44
DA:16,16
DA:18,20
DA:21,8
DA:25,1
DA:26,4
DA:27,20
DA:29,72
DA:30,72
DA:31,12
DA:34,60
DA:39,60
DA:41,60
DA:43,60
DA:44,16
DA:47,44
DA:48,44
DA:52,20
DA:55,4
LF:26
LH:26
BRDA:5,0,0,16
BRDA:5,0,1,72
BRDA:6,1,0,56
BRDA:6,1,1,16
BRDA:14,2,0,16
BRDA:14,2,1,20
BRDA:14,2,2,8
BRDA:14,2,3,8
BRDA:30,3,0,12
BRDA:30,3,1,60
BRDA:30,4,0,72
BRDA:30,4,1,28
BRDA:41,5,0,16
BRDA:41,5,1,44
BRDA:43,6,0,16
BRDA:43,6,1,44
BRF:16
BRH:16
end_of_record
TN:
SF:src/formatters/stylish.js
FN:3,(anonymous_0)
FN:4,(anonymous_1)
FN:13,(anonymous_2)
FN:25,(anonymous_3)
FN:26,(anonymous_4)
FN:31,(anonymous_5)
FNF:6
FNH:6
FNDA:144,(anonymous_0)
FNDA:180,(anonymous_1)
FNDA:36,(anonymous_2)
FNDA:4,(anonymous_3)
FNDA:20,(anonymous_4)
FNDA:72,(anonymous_5)
DA:3,1
DA:4,144
DA:5,180
DA:7,28
DA:8,28
DA:9,28
DA:11,28
DA:13,36
DA:15,28
DA:22,144
DA:25,1
DA:26,4
DA:27,20
DA:28,20
DA:29,20
DA:31,20
DA:34,72
DA:36,72
DA:37,72
DA:39,72
DA:40,16
DA:43,56
DA:44,16
DA:49,40
DA:50,20
DA:52,20
DA:53,8
DA:57,12
DA:60,20
DA:67,4
LF:30
LH:30
BRDA:3,0,0,144
BRDA:3,1,0,144
BRDA:5,2,0,152
BRDA:5,2,1,28
BRDA:25,3,0,4
BRDA:25,4,0,4
BRDA:39,5,0,16
BRDA:39,5,1,56
BRDA:43,6,0,16
BRDA:43,6,1,40
BRDA:49,7,0,20
BRDA:49,7,1,20
BRDA:52,8,0,8
BRDA:52,8,1,12
BRF:14
BRH:14
end_of_record
